<?xml version="1.0" encoding="UTF-8"?>
<!-- Generated by org.testng.reporters.JUnitXMLReporter -->
<testsuite ignored="4" hostname="DESKTOP-J9V9AO9" failures="0" tests="1" name="Default test" time="12.623" errors="0" timestamp="2024-12-14T16:04:48 EST">
  <testcase classname="com.training.tests.accountsTest" name="TC014CreateAccountreport" time="10.586"/>
  <testcase classname="com.training.tests.accountsTest" name="TC013MergeAccounts" time="0.0">
    <ignored/>
  </testcase> <!-- TC013MergeAccounts -->
  <testcase classname="com.training.tests.accountsTest" name="TC011CreateNewView" time="0.0">
    <ignored/>
  </testcase> <!-- TC011CreateNewView -->
  <testcase classname="com.training.tests.accountsTest" name="TC010CreateAccount" time="0.0">
    <ignored/>
  </testcase> <!-- TC010CreateAccount -->
  <testcase classname="com.training.tests.accountsTest" name="TC012EditView" time="0.0">
    <ignored/>
  </testcase> <!-- TC012EditView -->
</testsuite> <!-- Default test -->
