<?xml version="1.0" encoding="UTF-8"?>
<testng-results ignored="0" total="5" passed="5" failed="0" skipped="0">
  <reporter-output>
  </reporter-output>
  <suite started-at="2024-12-15T12:05:59 EST" name="Automation" finished-at="2024-12-15T12:06:22 EST" duration-ms="23146">
    <groups>
    </groups>
    <test started-at="2024-12-15T12:05:59 EST" name="Loginpage" finished-at="2024-12-15T12:06:22 EST" duration-ms="23146">
      <class name="com.training.tests.LoginTest">
        <test-method is-config="true" signature="beforemethod()[pri:0, instance:com.training.tests.LoginTest@1817d444]" started-at="2024-12-15T12:05:59 EST" name="beforemethod" finished-at="2024-12-15T12:06:03 EST" duration-ms="3941" status="PASS">
          <reporter-output>
          </reporter-output>
        </test-method> <!-- beforemethod -->
        <test-method signature="TC01()[pri:1, instance:com.training.tests.LoginTest@1817d444]" started-at="2024-12-15T12:06:03 EST" name="TC01" finished-at="2024-12-15T12:06:04 EST" duration-ms="990" status="PASS">
          <reporter-output>
          </reporter-output>
        </test-method> <!-- TC01 -->
        <test-method is-config="true" signature="teardown()[pri:0, instance:com.training.tests.LoginTest@1817d444]" started-at="2024-12-15T12:06:04 EST" name="teardown" finished-at="2024-12-15T12:06:04 EST" duration-ms="156" status="PASS">
          <reporter-output>
          </reporter-output>
        </test-method> <!-- teardown -->
        <test-method is-config="true" signature="beforemethod()[pri:0, instance:com.training.tests.LoginTest@1817d444]" started-at="2024-12-15T12:06:04 EST" name="beforemethod" finished-at="2024-12-15T12:06:06 EST" duration-ms="1220" status="PASS">
          <reporter-output>
          </reporter-output>
        </test-method> <!-- beforemethod -->
        <test-method signature="TC02logintoapp()[pri:2, instance:com.training.tests.LoginTest@1817d444]" started-at="2024-12-15T12:06:06 EST" name="TC02logintoapp" finished-at="2024-12-15T12:06:12 EST" duration-ms="6636" status="PASS">
          <reporter-output>
          </reporter-output>
        </test-method> <!-- TC02logintoapp -->
        <test-method is-config="true" signature="teardown()[pri:0, instance:com.training.tests.LoginTest@1817d444]" started-at="2024-12-15T12:06:12 EST" name="teardown" finished-at="2024-12-15T12:06:12 EST" duration-ms="152" status="PASS">
          <reporter-output>
          </reporter-output>
        </test-method> <!-- teardown -->
        <test-method is-config="true" signature="beforemethod()[pri:0, instance:com.training.tests.LoginTest@1817d444]" started-at="2024-12-15T12:06:12 EST" name="beforemethod" finished-at="2024-12-15T12:06:14 EST" duration-ms="1185" status="PASS">
          <reporter-output>
          </reporter-output>
        </test-method> <!-- beforemethod -->
        <test-method signature="TC03loginwithRememberme()[pri:3, instance:com.training.tests.LoginTest@1817d444]" started-at="2024-12-15T12:06:14 EST" name="TC03loginwithRememberme" finished-at="2024-12-15T12:06:17 EST" duration-ms="3695" status="PASS">
          <reporter-output>
          </reporter-output>
        </test-method> <!-- TC03loginwithRememberme -->
        <test-method is-config="true" signature="teardown()[pri:0, instance:com.training.tests.LoginTest@1817d444]" started-at="2024-12-15T12:06:17 EST" name="teardown" finished-at="2024-12-15T12:06:17 EST" duration-ms="143" status="PASS">
          <reporter-output>
          </reporter-output>
        </test-method> <!-- teardown -->
        <test-method is-config="true" signature="beforemethod()[pri:0, instance:com.training.tests.LoginTest@1817d444]" started-at="2024-12-15T12:06:17 EST" name="beforemethod" finished-at="2024-12-15T12:06:19 EST" duration-ms="1387" status="PASS">
          <reporter-output>
          </reporter-output>
        </test-method> <!-- beforemethod -->
        <test-method signature="TC04forgotpassword()[pri:4, instance:com.training.tests.LoginTest@1817d444]" started-at="2024-12-15T12:06:19 EST" name="TC04forgotpassword" finished-at="2024-12-15T12:06:20 EST" duration-ms="1133" status="PASS">
          <reporter-output>
          </reporter-output>
        </test-method> <!-- TC04forgotpassword -->
        <test-method is-config="true" signature="teardown()[pri:0, instance:com.training.tests.LoginTest@1817d444]" started-at="2024-12-15T12:06:20 EST" name="teardown" finished-at="2024-12-15T12:06:20 EST" duration-ms="123" status="PASS">
          <reporter-output>
          </reporter-output>
        </test-method> <!-- teardown -->
        <test-method is-config="true" signature="beforemethod()[pri:0, instance:com.training.tests.LoginTest@1817d444]" started-at="2024-12-15T12:06:20 EST" name="beforemethod" finished-at="2024-12-15T12:06:21 EST" duration-ms="1073" status="PASS">
          <reporter-output>
          </reporter-output>
        </test-method> <!-- beforemethod -->
        <test-method signature="TC04bvalidLoginErrorMessage()[pri:5, instance:com.training.tests.LoginTest@1817d444]" started-at="2024-12-15T12:06:21 EST" name="TC04bvalidLoginErrorMessage" finished-at="2024-12-15T12:06:22 EST" duration-ms="1012" status="PASS">
          <reporter-output>
          </reporter-output>
        </test-method> <!-- TC04bvalidLoginErrorMessage -->
        <test-method is-config="true" signature="teardown()[pri:0, instance:com.training.tests.LoginTest@1817d444]" started-at="2024-12-15T12:06:22 EST" name="teardown" finished-at="2024-12-15T12:06:22 EST" duration-ms="236" status="PASS">
          <reporter-output>
          </reporter-output>
        </test-method> <!-- teardown -->
      </class> <!-- com.training.tests.LoginTest -->
    </test> <!-- Loginpage -->
  </suite> <!-- Automation -->
</testng-results>
