<?xml version="1.0" encoding="UTF-8"?>
<testng-results ignored="4" total="5" passed="1" failed="0" skipped="0">
  <reporter-output>
  </reporter-output>
  <suite started-at="2024-12-14T16:04:36 EST" name="Default suite" finished-at="2024-12-14T16:04:48 EST" duration-ms="12623">
    <groups>
    </groups>
    <test started-at="2024-12-14T16:04:36 EST" name="Default test" finished-at="2024-12-14T16:04:48 EST" duration-ms="12623">
      <class name="com.training.tests.accountsTest">
        <test-method is-config="true" signature="beforemethod()[pri:0, instance:com.training.tests.accountsTest@59662a0b]" started-at="2024-12-14T16:04:36 EST" name="beforemethod" finished-at="2024-12-14T16:04:38 EST" duration-ms="2000" status="PASS">
          <reporter-output>
          </reporter-output>
        </test-method> <!-- beforemethod -->
        <test-method signature="TC014CreateAccountreport()[pri:0, instance:com.training.tests.accountsTest@59662a0b]" started-at="2024-12-14T16:04:38 EST" name="TC014CreateAccountreport" finished-at="2024-12-14T16:04:48 EST" duration-ms="10586" status="PASS">
          <reporter-output>
          </reporter-output>
        </test-method> <!-- TC014CreateAccountreport -->
      </class> <!-- com.training.tests.accountsTest -->
    </test> <!-- Default test -->
  </suite> <!-- Default suite -->
</testng-results>
