<?xml version="1.0" encoding="UTF-8"?>
<!-- Generated by org.testng.reporters.JUnitXMLReporter -->
<testsuite ignored="0" hostname="DESKTOP-J9V9AO9" failures="0" tests="5" name="Loginpage" time="23.146" errors="0" timestamp="2024-12-15T12:06:22 EST">
  <testcase classname="com.training.tests.LoginTest" name="TC01" time="0.99"/>
  <testcase classname="com.training.tests.LoginTest" name="TC02logintoapp" time="6.636"/>
  <testcase classname="com.training.tests.LoginTest" name="TC03loginwithRememberme" time="3.695"/>
  <testcase classname="com.training.tests.LoginTest" name="TC04forgotpassword" time="1.133"/>
  <testcase classname="com.training.tests.LoginTest" name="TC04bvalidLoginErrorMessage" time="1.012"/>
</testsuite> <!-- Loginpage -->
